<?xml version="1.0" encoding="UTF-8"?>
<testng-results skipped="1" failed="0" ignored="0" total="3" passed="2">
  <reporter-output>
    <line>
      <![CDATA[<a href='C:\Users\Prade\eclipse-workspace-BhanuPrathap\Sample\src\main\resources\screenShots\blank_19_06_2020_08_42_52.png'><img src='C:\Users\Prade\eclipse-workspace-BhanuPrathap\Sample\src\main\resources\screenShots\blank_19_06_2020_08_42_52.png'height='100' width=100'/></a>]]>
    </line>
    <line>
      <![CDATA[<a href='C:\Users\Prade\eclipse-workspace-BhanuPrathap\Sample\src\main\resources\screenShots\blank_19_06_2020_08_43_00.png'><img src='C:\Users\Prade\eclipse-workspace-BhanuPrathap\Sample\src\main\resources\screenShots\blank_19_06_2020_08_43_00.png'height='100' width=100'/></a>]]>
    </line>
    <line>
      <![CDATA[<a href='C:\Users\Prade\eclipse-workspace-BhanuPrathap\Sample\src\main\resources\screenShots\loginTest_19_06_2020_08_43_06.png'><img src='C:\Users\Prade\eclipse-workspace-BhanuPrathap\Sample\src\main\resources\screenShots\loginTest_19_06_2020_08_43_06.png'height='100' width=100'/></a>]]>
    </line>
    <line>
      <![CDATA[<a href='C:\Users\Prade\eclipse-workspace-BhanuPrathap\Sample\src\main\resources\screenShots\blank_19_06_2020_08_43_13.png'><img src='C:\Users\Prade\eclipse-workspace-BhanuPrathap\Sample\src\main\resources\screenShots\blank_19_06_2020_08_43_13.png'height='100' width=100'/></a>]]>
    </line>
    <line>
      <![CDATA[<a href='C:\Users\Prade\eclipse-workspace-BhanuPrathap\Sample\src\main\resources\screenShots\loginTest_19_06_2020_08_43_17.png'><img src='C:\Users\Prade\eclipse-workspace-BhanuPrathap\Sample\src\main\resources\screenShots\loginTest_19_06_2020_08_43_17.png'height='100' width=100'/></a>]]>
    </line>
  </reporter-output>
  <suite name="Default suite" duration-ms="48457" started-at="2020-06-19T15:12:30Z" finished-at="2020-06-19T15:13:18Z">
    <groups>
    </groups>
    <test name="Default test" duration-ms="48457" started-at="2020-06-19T15:12:30Z" finished-at="2020-06-19T15:13:18Z">
      <class name="com.Sample.CompanyName.ProjectName.testScripts.LoginPage.LoginTestWithDataDrivenApproach">
        <test-method status="PASS" signature="beforeSuite()[pri:0, instance:com.Sample.CompanyName.ProjectName.testScripts.LoginPage.LoginTestWithDataDrivenApproach@65e2dbf3]" name="beforeSuite" is-config="true" duration-ms="117" started-at="2020-06-19T15:12:30Z" finished-at="2020-06-19T15:12:30Z">
          <reporter-output>
          </reporter-output>
        </test-method> <!-- beforeSuite -->
        <test-method status="PASS" signature="beforeTest()[pri:0, instance:com.Sample.CompanyName.ProjectName.testScripts.LoginPage.LoginTestWithDataDrivenApproach@65e2dbf3]" name="beforeTest" is-config="true" duration-ms="5964" started-at="2020-06-19T15:12:30Z" finished-at="2020-06-19T15:12:36Z">
          <reporter-output>
          </reporter-output>
        </test-method> <!-- beforeTest -->
        <test-method status="PASS" signature="beforeClass()[pri:0, instance:com.Sample.CompanyName.ProjectName.testScripts.LoginPage.LoginTestWithDataDrivenApproach@65e2dbf3]" name="beforeClass" is-config="true" duration-ms="17287" started-at="2020-06-19T15:12:36Z" finished-at="2020-06-19T15:12:53Z">
          <reporter-output>
            <line>
              <![CDATA[<a href='C:\Users\Prade\eclipse-workspace-BhanuPrathap\Sample\src\main\resources\screenShots\blank_19_06_2020_08_42_52.png'><img src='C:\Users\Prade\eclipse-workspace-BhanuPrathap\Sample\src\main\resources\screenShots\blank_19_06_2020_08_42_52.png'height='100' width=100'/></a>]]>
            </line>
          </reporter-output>
        </test-method> <!-- beforeClass -->
        <test-method status="PASS" signature="beforeMethod(java.lang.reflect.Method)[pri:0, instance:com.Sample.CompanyName.ProjectName.testScripts.LoginPage.LoginTestWithDataDrivenApproach@65e2dbf3]" name="beforeMethod" is-config="true" duration-ms="1" started-at="2020-06-19T15:12:53Z" finished-at="2020-06-19T15:12:53Z">
          <params>
            <param index="0">
              <value>
                <![CDATA[public void com.Sample.CompanyName.ProjectName.testScripts.LoginPage.LoginTestWithDataDrivenApproach.loginTest(java.lang.String,java.lang.String,java.lang.String)]]>
              </value>
            </param>
          </params>
          <reporter-output>
          </reporter-output>
        </test-method> <!-- beforeMethod -->
        <test-method status="PASS" signature="loginTest(java.lang.String, java.lang.String, java.lang.String)[pri:0, instance:com.Sample.CompanyName.ProjectName.testScripts.LoginPage.LoginTestWithDataDrivenApproach@65e2dbf3]" name="loginTest" duration-ms="12892" started-at="2020-06-19T15:12:53Z" data-provider="testData" finished-at="2020-06-19T15:13:06Z">
          <params>
            <param index="0">
              <value>
                <![CDATA[1529830551216@gmail.com]]>
              </value>
            </param>
            <param index="1">
              <value>
                <![CDATA[password]]>
              </value>
            </param>
            <param index="2">
              <value>
                <![CDATA[Y]]>
              </value>
            </param>
          </params>
          <reporter-output>
            <line>
              <![CDATA[<a href='C:\Users\Prade\eclipse-workspace-BhanuPrathap\Sample\src\main\resources\screenShots\blank_19_06_2020_08_43_00.png'><img src='C:\Users\Prade\eclipse-workspace-BhanuPrathap\Sample\src\main\resources\screenShots\blank_19_06_2020_08_43_00.png'height='100' width=100'/></a>]]>
            </line>
          </reporter-output>
        </test-method> <!-- loginTest -->
        <test-method status="PASS" signature="afterMethod(org.testng.ITestResult)[pri:0, instance:com.Sample.CompanyName.ProjectName.testScripts.LoginPage.LoginTestWithDataDrivenApproach@65e2dbf3]" name="afterMethod" is-config="true" duration-ms="494" started-at="2020-06-19T15:13:06Z" finished-at="2020-06-19T15:13:07Z">
          <params>
            <param index="0">
              <value>
                <![CDATA[[TestResult name=loginTest status=SUCCESS method=LoginTestWithDataDrivenApproach.loginTest(java.lang.String, java.lang.String, java.lang.String)[pri:0, instance:com.Sample.CompanyName.ProjectName.testScripts.LoginPage.LoginTestWithDataDrivenApproach@65e2dbf3] output=<a href='C:\Users\Prade\eclipse-workspace-BhanuPrathap\Sample\src\main\resources\screenShots\blank_19_06_2020_08_43_00.png'><img src='C:\Users\Prade\eclipse-workspace-BhanuPrathap\Sample\src\main\resources\screenShots\blank_19_06_2020_08_43_00.png'height='100' width=100'/></a>]]]>
              </value>
            </param>
          </params>
          <reporter-output>
            <line>
              <![CDATA[<a href='C:\Users\Prade\eclipse-workspace-BhanuPrathap\Sample\src\main\resources\screenShots\loginTest_19_06_2020_08_43_06.png'><img src='C:\Users\Prade\eclipse-workspace-BhanuPrathap\Sample\src\main\resources\screenShots\loginTest_19_06_2020_08_43_06.png'height='100' width=100'/></a>]]>
            </line>
          </reporter-output>
        </test-method> <!-- afterMethod -->
        <test-method status="PASS" signature="beforeMethod(java.lang.reflect.Method)[pri:0, instance:com.Sample.CompanyName.ProjectName.testScripts.LoginPage.LoginTestWithDataDrivenApproach@65e2dbf3]" name="beforeMethod" is-config="true" duration-ms="0" started-at="2020-06-19T15:13:07Z" finished-at="2020-06-19T15:13:07Z">
          <params>
            <param index="0">
              <value>
                <![CDATA[public void com.Sample.CompanyName.ProjectName.testScripts.LoginPage.LoginTestWithDataDrivenApproach.loginTest(java.lang.String,java.lang.String,java.lang.String)]]>
              </value>
            </param>
          </params>
          <reporter-output>
          </reporter-output>
        </test-method> <!-- beforeMethod -->
        <test-method status="PASS" signature="loginTest(java.lang.String, java.lang.String, java.lang.String)[pri:0, instance:com.Sample.CompanyName.ProjectName.testScripts.LoginPage.LoginTestWithDataDrivenApproach@65e2dbf3]" name="loginTest" duration-ms="10111" started-at="2020-06-19T15:13:07Z" data-provider="testData" finished-at="2020-06-19T15:13:17Z">
          <params>
            <param index="0">
              <value>
                <![CDATA[1529830551216@gmail.com]]>
              </value>
            </param>
            <param index="1">
              <value>
                <![CDATA[password]]>
              </value>
            </param>
            <param index="2">
              <value>
                <![CDATA[Y]]>
              </value>
            </param>
          </params>
          <reporter-output>
            <line>
              <![CDATA[<a href='C:\Users\Prade\eclipse-workspace-BhanuPrathap\Sample\src\main\resources\screenShots\blank_19_06_2020_08_43_13.png'><img src='C:\Users\Prade\eclipse-workspace-BhanuPrathap\Sample\src\main\resources\screenShots\blank_19_06_2020_08_43_13.png'height='100' width=100'/></a>]]>
            </line>
          </reporter-output>
        </test-method> <!-- loginTest -->
        <test-method status="PASS" signature="afterMethod(org.testng.ITestResult)[pri:0, instance:com.Sample.CompanyName.ProjectName.testScripts.LoginPage.LoginTestWithDataDrivenApproach@65e2dbf3]" name="afterMethod" is-config="true" duration-ms="521" started-at="2020-06-19T15:13:17Z" finished-at="2020-06-19T15:13:17Z">
          <params>
            <param index="0">
              <value>
                <![CDATA[[TestResult name=loginTest status=SUCCESS method=LoginTestWithDataDrivenApproach.loginTest(java.lang.String, java.lang.String, java.lang.String)[pri:0, instance:com.Sample.CompanyName.ProjectName.testScripts.LoginPage.LoginTestWithDataDrivenApproach@65e2dbf3] output=<a href='C:\Users\Prade\eclipse-workspace-BhanuPrathap\Sample\src\main\resources\screenShots\blank_19_06_2020_08_43_13.png'><img src='C:\Users\Prade\eclipse-workspace-BhanuPrathap\Sample\src\main\resources\screenShots\blank_19_06_2020_08_43_13.png'height='100' width=100'/></a>]]]>
              </value>
            </param>
          </params>
          <reporter-output>
            <line>
              <![CDATA[<a href='C:\Users\Prade\eclipse-workspace-BhanuPrathap\Sample\src\main\resources\screenShots\loginTest_19_06_2020_08_43_17.png'><img src='C:\Users\Prade\eclipse-workspace-BhanuPrathap\Sample\src\main\resources\screenShots\loginTest_19_06_2020_08_43_17.png'height='100' width=100'/></a>]]>
            </line>
          </reporter-output>
        </test-method> <!-- afterMethod -->
        <test-method status="PASS" signature="beforeMethod(java.lang.reflect.Method)[pri:0, instance:com.Sample.CompanyName.ProjectName.testScripts.LoginPage.LoginTestWithDataDrivenApproach@65e2dbf3]" name="beforeMethod" is-config="true" duration-ms="1" started-at="2020-06-19T15:13:17Z" finished-at="2020-06-19T15:13:17Z">
          <params>
            <param index="0">
              <value>
                <![CDATA[public void com.Sample.CompanyName.ProjectName.testScripts.LoginPage.LoginTestWithDataDrivenApproach.loginTest(java.lang.String,java.lang.String,java.lang.String)]]>
              </value>
            </param>
          </params>
          <reporter-output>
          </reporter-output>
        </test-method> <!-- beforeMethod -->
        <test-method status="SKIP" signature="loginTest(java.lang.String, java.lang.String, java.lang.String)[pri:0, instance:com.Sample.CompanyName.ProjectName.testScripts.LoginPage.LoginTestWithDataDrivenApproach@65e2dbf3]" name="loginTest" duration-ms="1" started-at="2020-06-19T15:13:17Z" data-provider="testData" finished-at="2020-06-19T15:13:17Z">
          <params>
            <param index="0">
              <value>
                <![CDATA[1529830551216@gmail.com]]>
              </value>
            </param>
            <param index="1">
              <value>
                <![CDATA[password]]>
              </value>
            </param>
            <param index="2">
              <value>
                <![CDATA[N]]>
              </value>
            </param>
          </params>
          <exception class="org.testng.SkipException">
            <message>
              <![CDATA[Run mode this set of data is marked N ]]>
            </message>
            <full-stacktrace>
              <![CDATA[org.testng.SkipException: Run mode this set of data is marked N 
at com.Sample.CompanyName.ProjectName.testScripts.LoginPage.LoginTestWithDataDrivenApproach.loginTest(LoginTestWithDataDrivenApproach.java:44)
at sun.reflect.NativeMethodAccessorImpl.invoke0(Native Method)
at sun.reflect.NativeMethodAccessorImpl.invoke(NativeMethodAccessorImpl.java:62)
at sun.reflect.DelegatingMethodAccessorImpl.invoke(DelegatingMethodAccessorImpl.java:43)
at java.lang.reflect.Method.invoke(Method.java:498)
at org.testng.internal.MethodInvocationHelper.invokeMethod(MethodInvocationHelper.java:124)
at org.testng.internal.Invoker.invokeMethod(Invoker.java:583)
at org.testng.internal.Invoker.invokeTestMethod(Invoker.java:719)
at org.testng.internal.Invoker.invokeTestMethods(Invoker.java:989)
at org.testng.internal.TestMethodWorker.invokeTestMethods(TestMethodWorker.java:125)
at org.testng.internal.TestMethodWorker.run(TestMethodWorker.java:109)
at org.testng.TestRunner.privateRun(TestRunner.java:648)
at org.testng.TestRunner.run(TestRunner.java:505)
at org.testng.SuiteRunner.runTest(SuiteRunner.java:455)
at org.testng.SuiteRunner.runSequentially(SuiteRunner.java:450)
at org.testng.SuiteRunner.privateRun(SuiteRunner.java:415)
at org.testng.SuiteRunner.run(SuiteRunner.java:364)
at org.testng.SuiteRunnerWorker.runSuite(SuiteRunnerWorker.java:52)
at org.testng.SuiteRunnerWorker.run(SuiteRunnerWorker.java:84)
at org.testng.TestNG.runSuitesSequentially(TestNG.java:1208)
at org.testng.TestNG.runSuitesLocally(TestNG.java:1137)
at org.testng.TestNG.runSuites(TestNG.java:1049)
at org.testng.TestNG.run(TestNG.java:1017)
at org.testng.remote.AbstractRemoteTestNG.run(AbstractRemoteTestNG.java:114)
at org.testng.remote.RemoteTestNG.initAndRun(RemoteTestNG.java:251)
at org.testng.remote.RemoteTestNG.main(RemoteTestNG.java:77)
]]>
            </full-stacktrace>
          </exception> <!-- org.testng.SkipException -->
          <reporter-output>
          </reporter-output>
        </test-method> <!-- loginTest -->
        <test-method status="PASS" signature="afterMethod(org.testng.ITestResult)[pri:0, instance:com.Sample.CompanyName.ProjectName.testScripts.LoginPage.LoginTestWithDataDrivenApproach@65e2dbf3]" name="afterMethod" is-config="true" duration-ms="48" started-at="2020-06-19T15:13:17Z" finished-at="2020-06-19T15:13:17Z">
          <params>
            <param index="0">
              <value>
                <![CDATA[[TestResult name=loginTest status=SKIP method=LoginTestWithDataDrivenApproach.loginTest(java.lang.String, java.lang.String, java.lang.String)[pri:0, instance:com.Sample.CompanyName.ProjectName.testScripts.LoginPage.LoginTestWithDataDrivenApproach@65e2dbf3] output={null}]]]>
              </value>
            </param>
          </params>
          <reporter-output>
          </reporter-output>
        </test-method> <!-- afterMethod -->
        <test-method status="PASS" signature="afterTest()[pri:0, instance:com.Sample.CompanyName.ProjectName.testScripts.LoginPage.LoginTestWithDataDrivenApproach@65e2dbf3]" name="afterTest" is-config="true" duration-ms="644" started-at="2020-06-19T15:13:17Z" finished-at="2020-06-19T15:13:18Z">
          <reporter-output>
          </reporter-output>
        </test-method> <!-- afterTest -->
      </class> <!-- com.Sample.CompanyName.ProjectName.testScripts.LoginPage.LoginTestWithDataDrivenApproach -->
    </test> <!-- Default test -->
  </suite> <!-- Default suite -->
</testng-results>
