<?xml version="1.0" encoding="UTF-8"?>
<testng-results skipped="0" failed="0" ignored="0" total="1" passed="1">
  <reporter-output>
    <line>
      <![CDATA[<a href='C:\Users\Prade\git_bhanu\Sample\src\main\resources\screenShots\blank_20_06_2020_11_46_07.png'><img src='C:\Users\Prade\git_bhanu\Sample\src\main\resources\screenShots\blank_20_06_2020_11_46_07.png'height='100' width=100'/></a>]]>
    </line>
    <line>
      <![CDATA[<a href='C:\Users\Prade\git_bhanu\Sample\src\main\resources\screenShots\blank_20_06_2020_11_46_14.png'><img src='C:\Users\Prade\git_bhanu\Sample\src\main\resources\screenShots\blank_20_06_2020_11_46_14.png'height='100' width=100'/></a>]]>
    </line>
    <line>
      <![CDATA[<a href='C:\Users\Prade\git_bhanu\Sample\src\main\resources\screenShots\testLoginToApplication_20_06_2020_11_46_14.png'><img src='C:\Users\Prade\git_bhanu\Sample\src\main\resources\screenShots\testLoginToApplication_20_06_2020_11_46_14.png'height='100' width=100'/></a>]]>
    </line>
  </reporter-output>
  <suite name="Default suite" duration-ms="28049" started-at="2020-06-20T06:15:48Z" finished-at="2020-06-20T06:16:16Z">
    <groups>
    </groups>
    <test name="Default test" duration-ms="28049" started-at="2020-06-20T06:15:48Z" finished-at="2020-06-20T06:16:16Z">
      <class name="com.Sample.CompanyName.ProjectName.testScripts.LoginPage.LoginTest">
        <test-method status="PASS" signature="beforeSuite()[pri:0, instance:com.Sample.CompanyName.ProjectName.testScripts.LoginPage.LoginTest@3a5ed7a6]" name="beforeSuite" is-config="true" duration-ms="121" started-at="2020-06-20T06:15:47Z" finished-at="2020-06-20T06:15:48Z">
          <reporter-output>
          </reporter-output>
        </test-method> <!-- beforeSuite -->
        <test-method status="PASS" signature="beforeTest()[pri:0, instance:com.Sample.CompanyName.ProjectName.testScripts.LoginPage.LoginTest@3a5ed7a6]" name="beforeTest" is-config="true" duration-ms="6061" started-at="2020-06-20T06:15:48Z" finished-at="2020-06-20T06:15:54Z">
          <reporter-output>
          </reporter-output>
        </test-method> <!-- beforeTest -->
        <test-method status="PASS" signature="beforeMethod(java.lang.reflect.Method)[pri:0, instance:com.Sample.CompanyName.ProjectName.testScripts.LoginPage.LoginTest@3a5ed7a6]" name="beforeMethod" is-config="true" duration-ms="7" started-at="2020-06-20T06:15:54Z" finished-at="2020-06-20T06:15:54Z">
          <params>
            <param index="0">
              <value>
                <![CDATA[public void com.Sample.CompanyName.ProjectName.testScripts.LoginPage.LoginTest.testLoginToApplication()]]>
              </value>
            </param>
          </params>
          <reporter-output>
          </reporter-output>
        </test-method> <!-- beforeMethod -->
        <test-method status="PASS" signature="testLoginToApplication()[pri:0, instance:com.Sample.CompanyName.ProjectName.testScripts.LoginPage.LoginTest@3a5ed7a6]" name="testLoginToApplication" duration-ms="20834" started-at="2020-06-20T06:15:54Z" description="Login test with valid credentials" finished-at="2020-06-20T06:16:14Z">
          <reporter-output>
            <line>
              <![CDATA[<a href='C:\Users\Prade\git_bhanu\Sample\src\main\resources\screenShots\blank_20_06_2020_11_46_07.png'><img src='C:\Users\Prade\git_bhanu\Sample\src\main\resources\screenShots\blank_20_06_2020_11_46_07.png'height='100' width=100'/></a>]]>
            </line>
            <line>
              <![CDATA[<a href='C:\Users\Prade\git_bhanu\Sample\src\main\resources\screenShots\blank_20_06_2020_11_46_14.png'><img src='C:\Users\Prade\git_bhanu\Sample\src\main\resources\screenShots\blank_20_06_2020_11_46_14.png'height='100' width=100'/></a>]]>
            </line>
          </reporter-output>
        </test-method> <!-- testLoginToApplication -->
        <test-method status="PASS" signature="afterMethod(org.testng.ITestResult)[pri:0, instance:com.Sample.CompanyName.ProjectName.testScripts.LoginPage.LoginTest@3a5ed7a6]" name="afterMethod" is-config="true" duration-ms="498" started-at="2020-06-20T06:16:14Z" finished-at="2020-06-20T06:16:15Z">
          <params>
            <param index="0">
              <value>
                <![CDATA[[TestResult name=testLoginToApplication status=SUCCESS method=LoginTest.testLoginToApplication()[pri:0, instance:com.Sample.CompanyName.ProjectName.testScripts.LoginPage.LoginTest@3a5ed7a6] output=<a href='C:\Users\Prade\git_bhanu\Sample\src\main\resources\screenShots\blank_20_06_2020_11_46_07.png'><img src='C:\Users\Prade\git_bhanu\Sample\src\main\resources\screenShots\blank_20_06_2020_11_46_07.png'height='100' width=100'/></a>]]]>
              </value>
            </param>
          </params>
          <reporter-output>
            <line>
              <![CDATA[<a href='C:\Users\Prade\git_bhanu\Sample\src\main\resources\screenShots\testLoginToApplication_20_06_2020_11_46_14.png'><img src='C:\Users\Prade\git_bhanu\Sample\src\main\resources\screenShots\testLoginToApplication_20_06_2020_11_46_14.png'height='100' width=100'/></a>]]>
            </line>
          </reporter-output>
        </test-method> <!-- afterMethod -->
        <test-method status="PASS" signature="afterTest()[pri:0, instance:com.Sample.CompanyName.ProjectName.testScripts.LoginPage.LoginTest@3a5ed7a6]" name="afterTest" is-config="true" duration-ms="628" started-at="2020-06-20T06:16:15Z" finished-at="2020-06-20T06:16:16Z">
          <reporter-output>
          </reporter-output>
        </test-method> <!-- afterTest -->
      </class> <!-- com.Sample.CompanyName.ProjectName.testScripts.LoginPage.LoginTest -->
    </test> <!-- Default test -->
  </suite> <!-- Default suite -->
</testng-results>
