<?xml version="1.0" encoding="UTF-8"?>
<!-- Generated by org.testng.reporters.JUnitXMLReporter -->
<testsuite hostname="DESKTOP-UBQJ9QQ" ignored="6" name="Test" tests="4" failures="3" timestamp="07 Jun 2020 08:32:23 GMT" time="8.255" errors="0">
  <testcase name="testLoginB" time="0.013" classname="com.Sample.B">
    <failure type="java.lang.AssertionError" message="expected [true] but found [false]">
      <![CDATA[java.lang.AssertionError: expected [true] but found [false]
at com.Sample.B.testLoginB(B.java:19)
... Removed 29 stack frames]]>
    </failure>
  </testcase> <!-- testLoginB -->
  <testcase name="testLoginA" time="0.0" classname="com.Sample.A"/>
  <testcase name="testLoginC" time="0.005" classname="com.Sample.C">
    <failure type="java.lang.AssertionError" message="expected [true] but found [false]">
      <![CDATA[java.lang.AssertionError: expected [true] but found [false]
at com.Sample.C.testLoginC(C.java:19)
... Removed 29 stack frames]]>
    </failure>
  </testcase> <!-- testLoginC -->
  <testcase name="testScreen" time="0.0" classname="com.Sample.CompanyName.ProjectName.testScripts.TestScreenShot">
    <failure type="java.lang.NullPointerException">
      <![CDATA[java.lang.NullPointerException
at com.Sample.CompanyName.ProjectName.testScripts.TestScreenShot.testScreen(TestScreenShot.java:11)
... Removed 25 stack frames]]>
    </failure>
  </testcase> <!-- testScreen -->
  <testcase name="@BeforeSuite beforeSuite" time="0.0" classname="com.Sample.CompanyName.ProjectName.testbase.TestBase">
    <ignored/>
  </testcase> <!-- @BeforeSuite beforeSuite -->
  <testcase name="@BeforeSuite beforeSuite" time="0.0" classname="com.Sample.CompanyName.ProjectName.testbase.TestBase">
    <ignored/>
  </testcase> <!-- @BeforeSuite beforeSuite -->
  <testcase name="@BeforeSuite beforeSuite" time="0.0" classname="com.Sample.CompanyName.ProjectName.testbase.TestBase">
    <ignored/>
  </testcase> <!-- @BeforeSuite beforeSuite -->
  <testcase name="@BeforeTest beforeTest" time="0.0" classname="com.Sample.CompanyName.ProjectName.testbase.TestBase">
    <ignored/>
  </testcase> <!-- @BeforeTest beforeTest -->
  <testcase name="@BeforeTest beforeTest" time="0.0" classname="com.Sample.CompanyName.ProjectName.testbase.TestBase">
    <ignored/>
  </testcase> <!-- @BeforeTest beforeTest -->
  <testcase name="@BeforeTest beforeTest" time="0.0" classname="com.Sample.CompanyName.ProjectName.testbase.TestBase">
    <ignored/>
  </testcase> <!-- @BeforeTest beforeTest -->
</testsuite> <!-- Test -->
