<?xml version="1.0" encoding="UTF-8"?>
<!-- Generated by org.testng.reporters.JUnitXMLReporter -->
<testsuite hostname="DESKTOP-UBQJ9QQ" ignored="0" name="B" tests="1" failures="1" timestamp="17 Jun 2020 13:58:13 GMT" time="6.169" errors="0">
  <testcase name="testLoginB" time="0.003" classname="com.Sample.B">
    <failure type="java.lang.AssertionError" message="expected [true] but found [false]">
      <![CDATA[java.lang.AssertionError: expected [true] but found [false]
at com.Sample.B.testLoginB(B.java:19)
... Removed 29 stack frames]]>
    </failure>
  </testcase> <!-- testLoginB -->
</testsuite> <!-- B -->
