<?xml version="1.0" encoding="UTF-8"?>
<!-- Generated by org.testng.reporters.JUnitXMLReporter -->
<testsuite hostname="DESKTOP-UBQJ9QQ" ignored="0" name="C" tests="1" failures="1" timestamp="17 Jun 2020 13:58:20 GMT" time="6.75" errors="0">
  <testcase name="testLoginC" time="0.001" classname="com.Sample.C">
    <failure type="java.lang.AssertionError" message="expected [true] but found [false]">
      <![CDATA[java.lang.AssertionError: expected [true] but found [false]
at com.Sample.C.testLoginC(C.java:19)
... Removed 29 stack frames]]>
    </failure>
  </testcase> <!-- testLoginC -->
</testsuite> <!-- C -->
