<?xml version="1.0" encoding="UTF-8"?>
<!-- Generated by org.testng.reporters.JUnitXMLReporter -->
<testsuite hostname="DESKTOP-UBQJ9QQ" ignored="0" name="Second" tests="1" failures="1" timestamp="07 Jun 2020 06:32:37 GMT" time="0.015" errors="0">
  <testcase name="testLoginB" time="0.004" classname="com.Sample.B">
    <failure type="java.lang.AssertionError" message="expected [true] but found [false]">
      <![CDATA[java.lang.AssertionError: expected [true] but found [false]
at com.Sample.B.testLoginB(B.java:17)
... Removed 29 stack frames]]>
    </failure>
  </testcase> <!-- testLoginB -->
</testsuite> <!-- Second -->
