<?xml version="1.0" encoding="UTF-8"?>
<!-- Generated by org.testng.reporters.JUnitXMLReporter -->
<testsuite hostname="DESKTOP-UBQJ9QQ" ignored="0" name="Third" tests="2" failures="2" timestamp="07 Jun 2020 06:32:38 GMT" time="0.014" errors="0">
  <testcase name="testLoginC" time="0.002" classname="com.Sample.C">
    <failure type="java.lang.AssertionError" message="expected [true] but found [false]">
      <![CDATA[java.lang.AssertionError: expected [true] but found [false]
at com.Sample.C.testLoginC(C.java:17)
... Removed 29 stack frames]]>
    </failure>
  </testcase> <!-- testLoginC -->
  <testcase name="testLoginC1" time="0.002" classname="com.Sample.C">
    <failure type="java.lang.AssertionError" message="expected [true] but found [false]">
      <![CDATA[java.lang.AssertionError: expected [true] but found [false]
at com.Sample.C.testLoginC1(C.java:24)
... Removed 29 stack frames]]>
    </failure>
  </testcase> <!-- testLoginC1 -->
</testsuite> <!-- Third -->
