<?xml version="1.0" encoding="UTF-8"?>
<!-- Generated by org.testng.reporters.JUnitXMLReporter -->
<testsuite hostname="DESKTOP-UBQJ9QQ" ignored="0" name="ThirdTest" tests="2" failures="2" timestamp="06 Jun 2020 13:10:55 GMT" time="0.008" errors="0">
  <testcase name="testLoginC" time="0.002" classname="com.Sample.C">
    <failure type="java.lang.AssertionError" message="expected [true] but found [false]">
      <![CDATA[java.lang.AssertionError: expected [true] but found [false]
at com.Sample.C.testLoginC(C.java:17)
... Removed 29 stack frames]]>
    </failure>
  </testcase> <!-- testLoginC -->
  <testcase name="testLoginC1" time="0.001" classname="com.Sample.C">
    <failure type="java.lang.AssertionError" message="expected [true] but found [false]">
      <![CDATA[java.lang.AssertionError: expected [true] but found [false]
at com.Sample.C.testLoginC1(C.java:24)
... Removed 29 stack frames]]>
    </failure>
  </testcase> <!-- testLoginC1 -->
</testsuite> <!-- ThirdTest -->
