<?xml version="1.0" encoding="UTF-8"?>
<!-- Generated by org.testng.reporters.JUnitXMLReporter -->
<testsuite hostname="DESKTOP-UBQJ9QQ" ignored="0" name="Default test" tests="3" failures="0" timestamp="19 Jun 2020 15:13:18 GMT" time="48.457" errors="0">
  <testcase name="loginTest" time="12.892" classname="com.Sample.CompanyName.ProjectName.testScripts.LoginPage.LoginTestWithDataDrivenApproach"/>
  <testcase name="loginTest" time="10.111" classname="com.Sample.CompanyName.ProjectName.testScripts.LoginPage.LoginTestWithDataDrivenApproach"/>
  <testcase name="loginTest" time="0.001" classname="com.Sample.CompanyName.ProjectName.testScripts.LoginPage.LoginTestWithDataDrivenApproach">
    <skipped/>
  </testcase> <!-- loginTest -->
</testsuite> <!-- Default test -->
